<?xml version="1.0" encoding="UTF-8"?>
<testsuite xmlns:xsi="http://www.w3.org/2001/XMLSchema-instance" xsi:noNamespaceSchemaLocation="https://maven.apache.org/surefire/maven-surefire-plugin/xsd/surefire-test-report-3.0.xsd" version="3.0" name="AccountTests" time="5.035" tests="4" errors="1" skipped="0" failures="0">
  <properties>
[...]
</properties>
  <testcase name="getAccountInfoWithAssertionsInGivenTest" classname="AccountTests" time="2.971">
    <system-out><![CDATA[Request method:	GET
HTTP/1.1 200 OK
Connection: keep-alive
Content-Type: application/json
Access-Control-Expose-Headers: X-RateLimit-ClientLimit, X-RateLimit-ClientRemaining, X-RateLimit-UserLimit, X-RateLimit-UserRemaining, X-RateLimit-UserReset, Geo-City, Geo-Region, Geo-Metro-Code, Geo-Country-Code
X-RateLimit-ClientLimit: 12500
X-RateLimit-ClientRemaining: 12417
X-RateLimit-UserLimit: 2000
X-RateLimit-UserRemaining: 1949
X-RateLimit-UserReset: 1633786172
ETag: W/"7d59e5db481e09780d9f130edbedaa2b8af22c82"
Cache-Control: no-store, no-cache, must-revalidate, post-check=0, pre-check=0
Content-Encoding: gzip
Accept-Ranges: bytes
Date: Sat, 09 Oct 2021 12:45:05 GMT
X-Served-By: cache-bma1673-BMA
X-Cache: MISS
X-Cache-Hits: 0
X-Timer: S1633783505.493279,VS0,VE129
Vary: Accept-Encoding
access-control-allow-methods: GET, PUT, POST, PATCH, DELETE, OPTIONS
Server: cat factory 1.0
Access-Control-Allow-Origin: *
Access-Control-Allow-Credentials: true
X-Frame-Options: DENY
Access-Control-Allow-Headers: Authorization, Content-Type, Accept, X-Mashape-Authorization, IMGURPLATFORM, IMGURUIDJAFO, sessionCount, IMGURMWBETA, IMGURMWBETAOPTIN, X-expSNKPK127, X-Imgur-Defender-Bypass
transfer-encoding: chunked

{
    "data": {
        "id": 155365925,
        "url": "zzxardaszz",
        "bio": null,
        "avatar": "https://imgur.com/user/zzxardaszz/avatar?maxwidth=290",
        "avatar_name": "default/Z",
        "cover": "https://imgur.com/user/zzxardaszz/cover?maxwidth=2560",
        "cover_name": "default/1-space",
        "reputation": 0,
        "reputation_name": "Neutral",
        "created": 1633175079,
        "pro_expiration": false,
        "user_follow": {
            "status": false
        },
        "is_blocked": false
    },
    "success": true,
    "status": 200
}
]]></system-out>
  </testcase>
  <testcase name="getAccountInfoTest" classname="AccountTests" time="0.38"/>
  <testcase name="getAccountInfoWithLoggingTest" classname="AccountTests" time="0.392">
    <system-out><![CDATA[Request method:	GET
Request URI:	https://api.imgur.com/3/account/zzxardaszz
HTTP/1.1 200 OK
Connection: keep-alive
Content-Type: application/json
Access-Control-Expose-Headers: X-RateLimit-ClientLimit, X-RateLimit-ClientRemaining, X-RateLimit-UserLimit, X-RateLimit-UserRemaining, X-RateLimit-UserReset, Geo-City, Geo-Region, Geo-Metro-Code, Geo-Country-Code
X-RateLimit-ClientLimit: 12500
X-RateLimit-ClientRemaining: 12415
X-RateLimit-UserLimit: 2000
X-RateLimit-UserRemaining: 1947
X-RateLimit-UserReset: 1633786172
ETag: W/"7d59e5db481e09780d9f130edbedaa2b8af22c82"
Cache-Control: no-store, no-cache, must-revalidate, post-check=0, pre-check=0
Content-Encoding: gzip
Accept-Ranges: bytes
Date: Sat, 09 Oct 2021 12:45:01 GMT
X-Served-By: cache-bma1646-BMA
X-Cache: MISS
X-Cache-Hits: 0
X-Timer: S1633783501.491780,VS0,VE132
Vary: Accept-Encoding
access-control-allow-methods: GET, PUT, POST, PATCH, DELETE, OPTIONS
Server: cat factory 1.0
Access-Control-Allow-Origin: *
Access-Control-Allow-Credentials: true
X-Frame-Options: DENY
Access-Control-Allow-Headers: Authorization, Content-Type, Accept, X-Mashape-Authorization, IMGURPLATFORM, IMGURUIDJAFO, sessionCount, IMGURMWBETA, IMGURMWBETAOPTIN, X-expSNKPK127, X-Imgur-Defender-Bypass
transfer-encoding: chunked

{
    "data": {
        "id": 155365925,
        "url": "zzxardaszz",
        "bio": null,
        "avatar": "https://imgur.com/user/zzxardaszz/avatar?maxwidth=290",
        "avatar_name": "default/Z",
        "cover": "https://imgur.com/user/zzxardaszz/cover?maxwidth=2560",
        "cover_name": "default/1-space",
        "reputation": 0,
        "reputation_name": "Neutral",
        "created": 1633175079,
        "pro_expiration": false,
        "user_follow": {
            "status": false
        },
        "is_blocked": false
    },
    "success": true,
    "status": 200
}
]]></system-out>
  </testcase>
  <testcase name="getAccountInfoWithAssertionsAfterTest" classname="AccountTests" time="0.622">
    <error type="io.restassured.path.json.exception.JsonPathException"><![CDATA[io.restassured.path.json.exception.JsonPathException: Failed to parse the JSON document
	at AccountTests.getAccountInfoWithAssertionsAfterTest(AccountTests.java:57)
Caused by: groovy.json.JsonException: Lexing failed on line: 1, column: 1, while reading '<', no possible valid JSON value or punctuation could be recognized.
	at AccountTests.getAccountInfoWithAssertionsAfterTest(AccountTests.java:57)
]]></error>
    <system-out><![CDATA[Request method:	GET
HTTP/1.1 404 Not Found
Connection: keep-alive
Content-Length: 4323
Content-Type: text/html; charset=utf-8
ETag: "615f83d0-10e3"
Accept-Ranges: bytes
Date: Sat, 09 Oct 2021 12:45:07 GMT
X-Served-By: cache-bma1633-BMA
X-Cache: MISS
X-Cache-Hits: 0
X-Timer: S1633783508.578570,VS0,VE111
Vary: Accept-Encoding
access-control-allow-methods: GET, PUT, POST, PATCH, DELETE, OPTIONS
Server: cat factory 1.0
Access-Control-Allow-Origin: *
Access-Control-Allow-Credentials: true
X-Frame-Options: DENY
Access-Control-Allow-Headers: Authorization, Content-Type, Accept, X-Mashape-Authorization, IMGURPLATFORM, IMGURUIDJAFO, sessionCount, IMGURMWBETA, IMGURMWBETAOPTIN, X-expSNKPK127, X-Imgur-Defender-Bypass

<html lang="en">
  <head>
    <title>imgur: the simple 404 page</title>
    <meta http-equiv="content-type" content="text/html;charset=utf-8"/>
    <meta name="robots" content="noindex,nofollow"/>
    <meta name="keywords" content="images, funny pictures, image host, image upload, image sharing, image resize"/>
    <meta name="description" content="Imgur is home to the web's most popular image content, curated in real time by a dedicated community through commenting, voting and sharing."/>
    <meta name="copyright" content="Copyright 2014 Imgur, Inc."/>
    <meta http-equiv="X-UA-Compatible" content="IE=Edge;"/>
    <link rel="stylesheet" type="text/css" href="https://s.imgur.com/min/404.css?1393899213"/>
  </head>
  <body>
    <div class="nodisplay">
        Imgur is home to the web's most popular image content, curated in real time by a dedicated community through commenting, voting and sharing.
    </div>
    <div id="hallway">
      <div class="container">
        <div class="painting" id="cat1">
          <img src="//s.imgur.com/images/404/cat1weyes.png"/>
          <div class="eye-container">
            <div class="eye left">
              <div class="pupil"/>
            </div>
            <div class="eye right">
              <div class="pupil"/>
            </div>
          </div>
        </div>
        <div class="painting" id="cat2">
          <img src="//s.imgur.com/images/404/cat2weyes.png"/>
          <div class="eye-container">
            <div class="eye">
              <div class="pupil"/>
            </div>
          </div>
        </div>
        <div class="painting" id="giraffe">
          <img src="//s.imgur.com/images/404/giraffeweyes.png"/>
          <div class="eye-container">
            <div class="eye left">
              <div class="pupil"/>
            </div>
            <div class="eye right">
              <div class="pupil"/>
            </div>
          </div>
          <img class="monocle" src="//s.imgur.com/images/404/monocle.png"/>
        </div>
        <div class="painting" id="cat3">
          <img src="//s.imgur.com/images/404/cat3weyes.png"/>
          <div class="eye-container">
            <div class="eye left">
              <div class="pupil"/>
            </div>
            <div class="eye right">
              <div class="pupil"/>
            </div>
          </div>
        </div>
        <div class="painting" id="cat4">
          <img src="//s.imgur.com/images/404/cat4weyes.png"/>
          <div class="eye-container">
            <div class="eye left">
              <div class="pupil"/>
            </div>
            <div class="eye right">
              <div class="pupil"/>
            </div>
          </div>
        </div>
      </div>
    </div>
    <div class="footer textbox">
      <h1>Zoinks! You've taken a wrong turn.</h1>
      <p>Let's split up, gang. If you're looking for an image, it's probably been deleted or may not have existed at all.</p>
      <p>
If you are looking for groovy images,         <a shape="rect" href="//imgur.com">visit our gallery!</a>
      </p>
      <a shape="rect" class="footer-logo" href="//imgur.com">
        <img src="https://s.imgur.com/images/imgurlogo-header.png"/>
      </a>
    </div>
    <script type="text/javascript">
        (function(widgetFactory) {
            widgetFactory.mergeConfig('analytics', {
                isAdmin: false
            });
        })(_widgetFactory);
    </script>
    <script type="text/javascript" src="https://s.imgur.com/min/404.js?1393899213"/>
    <script type="text/javascript">
            var e404 = E404.getInstance();
            e404.generalInit();
    </script>
  </body>
</html>
]]></system-out>
  </testcase>
</testsuite>