<?xml version="1.0" encoding="UTF-8"?>
<testsuite xmlns:xsi="http://www.w3.org/2001/XMLSchema-instance" xsi:noNamespaceSchemaLocation="https://maven.apache.org/surefire/maven-surefire-plugin/xsd/surefire-test-report-3.0.xsd" version="3.0" name="ImageTest" time="2.335" tests="2" errors="0" skipped="0" failures="0">
  <properties>
[...]
</properties>
  <testcase name="uploadFileTest" classname="ImageTest" time="1.229">
    <system-out><![CDATA[HTTP/1.1 200 OK
Connection: close
Content-Length: 338
Access-Control-Allow-Headers: Authorization, Content-Type, Accept, X-Mashape-Authorization, IMGURPLATFORM, IMGURUIDJAFO, SESSIONCOUNT, IMGURMWBETA, IMGURMWBETAOPTIN
Access-Control-Allow-Methods: GET, PUT, POST, DELETE, OPTIONS
Access-Control-Allow-Origin: *
Access-Control-Expose-Headers: X-RateLimit-ClientLimit, X-RateLimit-ClientRemaining, X-RateLimit-UserLimit, X-RateLimit-UserRemaining, X-RateLimit-UserReset, Geo-City, Geo-Region, Geo-Metro-Code, Geo-Country-Code
Cache-Control: no-store, no-cache, must-revalidate, post-check=0, pre-check=0
Content-Encoding: gzip
Content-Type: application/json
Date: Sat, 09 Oct 2021 12:45:09 GMT
ETag: W/"7ab70c98e7e930d5a2d6e70a9d7512a89a51357c"
Expires: Thu, 19 Nov 1981 08:52:00 GMT
Pragma: no-cache
Server: nginx
Set-Cookie: IMGURSESSION=d4a0dd3c23efbd105a542d008e34f2db; path=/; domain=.imgur.com; secure; HttpOnly
Set-Cookie: _nc=1; path=/; domain=.imgur.com; HttpOnly
Vary: Accept-Encoding
X-origin-ip: 172.16.2.128
X-Post-Rate-Limit-Limit: 1250
X-Post-Rate-Limit-Remaining: 1242
X-Post-Rate-Limit-Reset: 3101
X-RateLimit-ClientLimit: 12500
X-RateLimit-ClientRemaining: 12414
X-RateLimit-UserLimit: 2000
X-RateLimit-UserRemaining: 1946
X-RateLimit-UserReset: 1633786172

{
    "data": {
        "id": "79bgxV1",
        "title": "qwer",
        "description": null,
        "datetime": 1633783508,
        "type": "image/jpeg",
        "animated": false,
        "width": 179,
        "height": 139,
        "size": 2932,
        "views": 0,
        "bandwidth": 0,
        "vote": null,
        "favorite": false,
        "nsfw": null,
        "section": null,
        "account_url": null,
        "account_id": 155365925,
        "is_ad": false,
        "in_most_viral": false,
        "has_sound": false,
        "tags": [
            
        ],
        "ad_type": 0,
        "ad_url": "",
        "edited": "0",
        "in_gallery": false,
        "deletehash": "TD3VJQjWhZnklsq",
        "name": "",
        "link": "https://i.imgur.com/79bgxV1.jpg"
    },
    "success": true,
    "status": 200
}
]]></system-out>
  </testcase>
  <testcase name="uploadFileImageTestWithNoInfo" classname="ImageTest" time="1.1">
    <system-out><![CDATA[HTTP/1.1 200 OK
Connection: close
Content-Length: 328
Access-Control-Allow-Headers: Authorization, Content-Type, Accept, X-Mashape-Authorization, IMGURPLATFORM, IMGURUIDJAFO, SESSIONCOUNT, IMGURMWBETA, IMGURMWBETAOPTIN
Access-Control-Allow-Methods: GET, PUT, POST, DELETE, OPTIONS
Access-Control-Allow-Origin: *
Access-Control-Expose-Headers: X-RateLimit-ClientLimit, X-RateLimit-ClientRemaining, X-RateLimit-UserLimit, X-RateLimit-UserRemaining, X-RateLimit-UserReset, Geo-City, Geo-Region, Geo-Metro-Code, Geo-Country-Code
Cache-Control: no-store, no-cache, must-revalidate, post-check=0, pre-check=0
Content-Encoding: gzip
Content-Type: application/json
Date: Sat, 09 Oct 2021 12:45:10 GMT
ETag: W/"6776af74dc62db24d3c34a60bf66d8e1172ccaef"
Expires: Thu, 19 Nov 1981 08:52:00 GMT
Pragma: no-cache
Server: nginx
Set-Cookie: IMGURSESSION=c59966c30d30f3322296f0d5cbf55d6d; path=/; domain=.imgur.com; secure; HttpOnly
Set-Cookie: _nc=1; path=/; domain=.imgur.com; HttpOnly
Vary: Accept-Encoding
X-origin-ip: 172.16.2.101
X-Post-Rate-Limit-Limit: 1250
X-Post-Rate-Limit-Remaining: 1241
X-Post-Rate-Limit-Reset: 3100
X-RateLimit-ClientLimit: 12500
X-RateLimit-ClientRemaining: 12413
X-RateLimit-UserLimit: 2000
X-RateLimit-UserRemaining: 1945
X-RateLimit-UserReset: 1633786172

{
    "data": {
        "id": "uvjnnVn",
        "title": null,
        "description": null,
        "datetime": 1633783510,
        "type": "image/jpeg",
        "animated": false,
        "width": 179,
        "height": 139,
        "size": 2932,
        "views": 0,
        "bandwidth": 0,
        "vote": null,
        "favorite": false,
        "nsfw": null,
        "section": null,
        "account_url": null,
        "account_id": 155365925,
        "is_ad": false,
        "in_most_viral": false,
        "has_sound": false,
        "tags": [
            
        ],
        "ad_type": 0,
        "ad_url": "",
        "edited": "0",
        "in_gallery": false,
        "deletehash": "iwmLChtP28huC88",
        "name": "",
        "link": "https://i.imgur.com/uvjnnVn.jpg"
    },
    "success": true,
    "status": 200
}
]]></system-out>
  </testcase>
</testsuite>