<?xml version="1.0" encoding="UTF-8"?>
<testsuite xmlns:xsi="http://www.w3.org/2001/XMLSchema-instance" xsi:noNamespaceSchemaLocation="https://maven.apache.org/surefire/maven-surefire-plugin/xsd/surefire-test-report-3.0.xsd" version="3.0" name="ImageTest" time="7.304" tests="10" errors="3" skipped="0" failures="0">
  <properties>
[...]
</properties>
  <testcase name="test1UploadFileImageTestWithNoInfo" classname="ImageTest" time="1.451">
    <system-out><![CDATA[HTTP/1.1 200 OK
Connection: close
Content-Length: 334
Access-Control-Allow-Headers: Authorization, Content-Type, Accept, X-Mashape-Authorization, IMGURPLATFORM, IMGURUIDJAFO, SESSIONCOUNT, IMGURMWBETA, IMGURMWBETAOPTIN
Access-Control-Allow-Methods: GET, PUT, POST, DELETE, OPTIONS
Access-Control-Allow-Origin: *
Access-Control-Expose-Headers: X-RateLimit-ClientLimit, X-RateLimit-ClientRemaining, X-RateLimit-UserLimit, X-RateLimit-UserRemaining, X-RateLimit-UserReset, Geo-City, Geo-Region, Geo-Metro-Code, Geo-Country-Code
Cache-Control: no-store, no-cache, must-revalidate, post-check=0, pre-check=0
Content-Encoding: gzip
Content-Type: application/json
Date: Thu, 14 Oct 2021 09:20:41 GMT
ETag: W/"20ade834908f14c63dae328325380c48884057d4"
Expires: Thu, 19 Nov 1981 08:52:00 GMT
Pragma: no-cache
Server: nginx
Set-Cookie: IMGURSESSION=db6bb8212434124a2e9366ec0b02f886; path=/; domain=.imgur.com; secure; HttpOnly
Set-Cookie: _nc=1; path=/; domain=.imgur.com; HttpOnly
Vary: Accept-Encoding
X-origin-ip: 172.16.2.16
X-Post-Rate-Limit-Limit: 1250
X-Post-Rate-Limit-Remaining: 1229
X-Post-Rate-Limit-Reset: 3187
X-RateLimit-ClientLimit: 12500
X-RateLimit-ClientRemaining: 12294
X-RateLimit-UserLimit: 2000
X-RateLimit-UserRemaining: 1966
X-RateLimit-UserReset: 1634206424

{
    "data": {
        "id": "ywXDNKo",
        "title": null,
        "description": null,
        "datetime": 1634203241,
        "type": "image/jpeg",
        "animated": false,
        "width": 179,
        "height": 139,
        "size": 2932,
        "views": 0,
        "bandwidth": 0,
        "vote": null,
        "favorite": false,
        "nsfw": null,
        "section": null,
        "account_url": null,
        "account_id": 155365925,
        "is_ad": false,
        "in_most_viral": false,
        "has_sound": false,
        "tags": [
            
        ],
        "ad_type": 0,
        "ad_url": "",
        "edited": "0",
        "in_gallery": false,
        "deletehash": "mU1JKURY7kT46Nn",
        "name": "",
        "link": "https://i.imgur.com/ywXDNKo.jpg"
    },
    "success": true,
    "status": 200
}
]]></system-out>
  </testcase>
  <testcase name="test2UploadFileImageTestWithNoInfoCheckRegEx" classname="ImageTest" time="1.187">
    <system-out><![CDATA[HTTP/1.1 200 OK
Connection: close
Content-Length: 333
Access-Control-Allow-Headers: Authorization, Content-Type, Accept, X-Mashape-Authorization, IMGURPLATFORM, IMGURUIDJAFO, SESSIONCOUNT, IMGURMWBETA, IMGURMWBETAOPTIN
Access-Control-Allow-Methods: GET, PUT, POST, DELETE, OPTIONS
Access-Control-Allow-Origin: *
Access-Control-Expose-Headers: X-RateLimit-ClientLimit, X-RateLimit-ClientRemaining, X-RateLimit-UserLimit, X-RateLimit-UserRemaining, X-RateLimit-UserReset, Geo-City, Geo-Region, Geo-Metro-Code, Geo-Country-Code
Cache-Control: no-store, no-cache, must-revalidate, post-check=0, pre-check=0
Content-Encoding: gzip
Content-Type: application/json
Date: Thu, 14 Oct 2021 09:20:43 GMT
ETag: W/"898e34268b32ed29d787d89db99d72b92b523b88"
Expires: Thu, 19 Nov 1981 08:52:00 GMT
Pragma: no-cache
Server: nginx
Set-Cookie: IMGURSESSION=c332e52e96940eda6999f6958f6aa0dc; path=/; domain=.imgur.com; secure; HttpOnly
Set-Cookie: _nc=1; path=/; domain=.imgur.com; HttpOnly
Vary: Accept-Encoding
X-origin-ip: 172.16.1.51
X-Post-Rate-Limit-Limit: 1250
X-Post-Rate-Limit-Remaining: 1228
X-Post-Rate-Limit-Reset: 3186
X-RateLimit-ClientLimit: 12500
X-RateLimit-ClientRemaining: 12293
X-RateLimit-UserLimit: 2000
X-RateLimit-UserRemaining: 1965
X-RateLimit-UserReset: 1634206424

{
    "data": {
        "id": "2fLTqOA",
        "title": null,
        "description": null,
        "datetime": 1634203243,
        "type": "image/jpeg",
        "animated": false,
        "width": 179,
        "height": 139,
        "size": 2932,
        "views": 0,
        "bandwidth": 0,
        "vote": null,
        "favorite": false,
        "nsfw": null,
        "section": null,
        "account_url": null,
        "account_id": 155365925,
        "is_ad": false,
        "in_most_viral": false,
        "has_sound": false,
        "tags": [
            
        ],
        "ad_type": 0,
        "ad_url": "",
        "edited": "0",
        "in_gallery": false,
        "deletehash": "rP5q0yBSStY1nta",
        "name": "",
        "link": "https://i.imgur.com/2fLTqOA.jpg"
    },
    "success": true,
    "status": 200
}
]]></system-out>
  </testcase>
  <testcase name="test3UploadFileImageTestWithInfo" classname="ImageTest" time="1.076">
    <system-out><![CDATA[HTTP/1.1 200 OK
Connection: close
Content-Length: 348
Access-Control-Allow-Headers: Authorization, Content-Type, Accept, X-Mashape-Authorization, IMGURPLATFORM, IMGURUIDJAFO, SESSIONCOUNT, IMGURMWBETA, IMGURMWBETAOPTIN
Access-Control-Allow-Methods: GET, PUT, POST, DELETE, OPTIONS
Access-Control-Allow-Origin: *
Access-Control-Expose-Headers: X-RateLimit-ClientLimit, X-RateLimit-ClientRemaining, X-RateLimit-UserLimit, X-RateLimit-UserRemaining, X-RateLimit-UserReset, Geo-City, Geo-Region, Geo-Metro-Code, Geo-Country-Code
Cache-Control: no-store, no-cache, must-revalidate, post-check=0, pre-check=0
Content-Encoding: gzip
Content-Type: application/json
Date: Thu, 14 Oct 2021 09:20:44 GMT
ETag: W/"5c6a7acfa88076ac7f2390ec88896d3de062d25c"
Expires: Thu, 19 Nov 1981 08:52:00 GMT
Pragma: no-cache
Server: nginx
Set-Cookie: IMGURSESSION=87e35be8d1f3089dab8331d4dff181a8; path=/; domain=.imgur.com; secure; HttpOnly
Set-Cookie: _nc=1; path=/; domain=.imgur.com; HttpOnly
Vary: Accept-Encoding
X-origin-ip: 172.16.2.128
X-Post-Rate-Limit-Limit: 1250
X-Post-Rate-Limit-Remaining: 1227
X-Post-Rate-Limit-Reset: 3185
X-RateLimit-ClientLimit: 12500
X-RateLimit-ClientRemaining: 12292
X-RateLimit-UserLimit: 2000
X-RateLimit-UserRemaining: 1964
X-RateLimit-UserReset: 1634206424

{
    "data": {
        "id": "g8fHwQV",
        "title": "titleCheck",
        "description": "descriptionCheck",
        "datetime": 1634203244,
        "type": "image/jpeg",
        "animated": false,
        "width": 179,
        "height": 139,
        "size": 2932,
        "views": 0,
        "bandwidth": 0,
        "vote": null,
        "favorite": false,
        "nsfw": null,
        "section": null,
        "account_url": null,
        "account_id": 155365925,
        "is_ad": false,
        "in_most_viral": false,
        "has_sound": false,
        "tags": [
            
        ],
        "ad_type": 0,
        "ad_url": "",
        "edited": "0",
        "in_gallery": false,
        "deletehash": "tq7gJqpas9uFQHT",
        "name": "nameCheck.jpg",
        "link": "https://i.imgur.com/g8fHwQV.jpg"
    },
    "success": true,
    "status": 200
}
]]></system-out>
  </testcase>
  <testcase name="test4UploadFileBaseImageTestWithNoInfo" classname="ImageTest" time="0.887">
    <system-out><![CDATA[HTTP/1.1 200 OK
Connection: close
Content-Length: 331
Access-Control-Allow-Headers: Authorization, Content-Type, Accept, X-Mashape-Authorization, IMGURPLATFORM, IMGURUIDJAFO, SESSIONCOUNT, IMGURMWBETA, IMGURMWBETAOPTIN
Access-Control-Allow-Methods: GET, PUT, POST, DELETE, OPTIONS
Access-Control-Allow-Origin: *
Access-Control-Expose-Headers: X-RateLimit-ClientLimit, X-RateLimit-ClientRemaining, X-RateLimit-UserLimit, X-RateLimit-UserRemaining, X-RateLimit-UserReset, Geo-City, Geo-Region, Geo-Metro-Code, Geo-Country-Code
Cache-Control: no-store, no-cache, must-revalidate, post-check=0, pre-check=0
Content-Encoding: gzip
Content-Type: application/json
Date: Thu, 14 Oct 2021 09:20:45 GMT
ETag: W/"80a4bdcbf6809c473131c66a9e49c48724c2d48a"
Expires: Thu, 19 Nov 1981 08:52:00 GMT
Pragma: no-cache
Server: nginx
Set-Cookie: IMGURSESSION=6845e16709e23c36ee90992dc3eb0354; path=/; domain=.imgur.com; secure; HttpOnly
Set-Cookie: _nc=1; path=/; domain=.imgur.com; HttpOnly
Vary: Accept-Encoding
X-origin-ip: 172.16.2.128
X-Post-Rate-Limit-Limit: 1250
X-Post-Rate-Limit-Remaining: 1226
X-Post-Rate-Limit-Reset: 3184
X-RateLimit-ClientLimit: 12500
X-RateLimit-ClientRemaining: 12291
X-RateLimit-UserLimit: 2000
X-RateLimit-UserRemaining: 1963
X-RateLimit-UserReset: 1634206424

{
    "data": {
        "id": "xGWoDPI",
        "title": null,
        "description": null,
        "datetime": 1634203245,
        "type": "image/jpeg",
        "animated": false,
        "width": 179,
        "height": 139,
        "size": 2932,
        "views": 0,
        "bandwidth": 0,
        "vote": null,
        "favorite": false,
        "nsfw": null,
        "section": null,
        "account_url": null,
        "account_id": 155365925,
        "is_ad": false,
        "in_most_viral": false,
        "has_sound": false,
        "tags": [
            
        ],
        "ad_type": 0,
        "ad_url": "",
        "edited": "0",
        "in_gallery": false,
        "deletehash": "k78km8iphlOsIa4",
        "name": "",
        "link": "https://i.imgur.com/xGWoDPI.jpg"
    },
    "success": true,
    "status": 200
}
]]></system-out>
  </testcase>
  <testcase name="test5UploadFileBaseImageTestWithNoInfoCheckRegEx" classname="ImageTest" time="0.887">
    <system-out><![CDATA[HTTP/1.1 200 OK
Connection: close
Content-Length: 333
Access-Control-Allow-Headers: Authorization, Content-Type, Accept, X-Mashape-Authorization, IMGURPLATFORM, IMGURUIDJAFO, SESSIONCOUNT, IMGURMWBETA, IMGURMWBETAOPTIN
Access-Control-Allow-Methods: GET, PUT, POST, DELETE, OPTIONS
Access-Control-Allow-Origin: *
Access-Control-Expose-Headers: X-RateLimit-ClientLimit, X-RateLimit-ClientRemaining, X-RateLimit-UserLimit, X-RateLimit-UserRemaining, X-RateLimit-UserReset, Geo-City, Geo-Region, Geo-Metro-Code, Geo-Country-Code
Cache-Control: no-store, no-cache, must-revalidate, post-check=0, pre-check=0
Content-Encoding: gzip
Content-Type: application/json
Date: Thu, 14 Oct 2021 09:20:46 GMT
ETag: W/"4dc657bc80bff67a1a520bf26c2c71383e1dec1e"
Expires: Thu, 19 Nov 1981 08:52:00 GMT
Pragma: no-cache
Server: nginx
Set-Cookie: IMGURSESSION=5897975fd345035bb655de45b7ce0bd4; path=/; domain=.imgur.com; secure; HttpOnly
Set-Cookie: _nc=1; path=/; domain=.imgur.com; HttpOnly
Vary: Accept-Encoding
X-origin-ip: 172.16.2.128
X-Post-Rate-Limit-Limit: 1250
X-Post-Rate-Limit-Remaining: 1225
X-Post-Rate-Limit-Reset: 3183
X-RateLimit-ClientLimit: 12500
X-RateLimit-ClientRemaining: 12290
X-RateLimit-UserLimit: 2000
X-RateLimit-UserRemaining: 1962
X-RateLimit-UserReset: 1634206424

{
    "data": {
        "id": "2Z8G3Am",
        "title": null,
        "description": null,
        "datetime": 1634203245,
        "type": "image/jpeg",
        "animated": false,
        "width": 179,
        "height": 139,
        "size": 2932,
        "views": 0,
        "bandwidth": 0,
        "vote": null,
        "favorite": false,
        "nsfw": null,
        "section": null,
        "account_url": null,
        "account_id": 155365925,
        "is_ad": false,
        "in_most_viral": false,
        "has_sound": false,
        "tags": [
            
        ],
        "ad_type": 0,
        "ad_url": "",
        "edited": "0",
        "in_gallery": false,
        "deletehash": "xOeMjTM0wJwSUia",
        "name": "",
        "link": "https://i.imgur.com/2Z8G3Am.jpg"
    },
    "success": true,
    "status": 200
}
]]></system-out>
  </testcase>
  <testcase name="test6UploadFileBaseImageTestWithInfo" classname="ImageTest" time="1.169">
    <system-out><![CDATA[HTTP/1.1 200 OK
Connection: close
Content-Length: 347
Access-Control-Allow-Headers: Authorization, Content-Type, Accept, X-Mashape-Authorization, IMGURPLATFORM, IMGURUIDJAFO, SESSIONCOUNT, IMGURMWBETA, IMGURMWBETAOPTIN
Access-Control-Allow-Methods: GET, PUT, POST, DELETE, OPTIONS
Access-Control-Allow-Origin: *
Access-Control-Expose-Headers: X-RateLimit-ClientLimit, X-RateLimit-ClientRemaining, X-RateLimit-UserLimit, X-RateLimit-UserRemaining, X-RateLimit-UserReset, Geo-City, Geo-Region, Geo-Metro-Code, Geo-Country-Code
Cache-Control: no-store, no-cache, must-revalidate, post-check=0, pre-check=0
Content-Encoding: gzip
Content-Type: application/json
Date: Thu, 14 Oct 2021 09:20:47 GMT
ETag: W/"2cfe2e8fea6f1a73d9b337b598b15861fee48e3a"
Expires: Thu, 19 Nov 1981 08:52:00 GMT
Pragma: no-cache
Server: nginx
Set-Cookie: IMGURSESSION=16f7cd8eff1760a07f5ef54006e3a647; path=/; domain=.imgur.com; secure; HttpOnly
Set-Cookie: _nc=1; path=/; domain=.imgur.com; HttpOnly
Vary: Accept-Encoding
X-origin-ip: 172.16.2.128
X-Post-Rate-Limit-Limit: 1250
X-Post-Rate-Limit-Remaining: 1224
X-Post-Rate-Limit-Reset: 3182
X-RateLimit-ClientLimit: 12500
X-RateLimit-ClientRemaining: 12289
X-RateLimit-UserLimit: 2000
X-RateLimit-UserRemaining: 1961
X-RateLimit-UserReset: 1634206424

{
    "data": {
        "id": "vvOYJIs",
        "title": "titleCheck",
        "description": "descriptionCheck",
        "datetime": 1634203247,
        "type": "image/jpeg",
        "animated": false,
        "width": 179,
        "height": 139,
        "size": 2932,
        "views": 0,
        "bandwidth": 0,
        "vote": null,
        "favorite": false,
        "nsfw": null,
        "section": null,
        "account_url": null,
        "account_id": 155365925,
        "is_ad": false,
        "in_most_viral": false,
        "has_sound": false,
        "tags": [
            
        ],
        "ad_type": 0,
        "ad_url": "",
        "edited": "0",
        "in_gallery": false,
        "deletehash": "jaVZw0Jbv0ftteU",
        "name": "nameCheck.jpg",
        "link": "https://i.imgur.com/vvOYJIs.jpg"
    },
    "success": true,
    "status": 200
}
]]></system-out>
  </testcase>
  <testcase name="test7FavoriteImage" classname="ImageTest" time="0.547">
    <system-out><![CDATA[HTTP/1.1 200 OK
Connection: close
Server: nginx
Date: Thu, 14 Oct 2021 09:20:47 GMT
Content-Type: application/json
Vary: Accept-Encoding
X-Post-Rate-Limit-Limit: 1250
X-Post-Rate-Limit-Remaining: 1223
X-Post-Rate-Limit-Reset: 3181
Access-Control-Allow-Origin: *
Access-Control-Allow-Methods: GET, PUT, POST, DELETE, OPTIONS
Access-Control-Allow-Headers: Authorization, Content-Type, Accept, X-Mashape-Authorization, IMGURPLATFORM, IMGURUIDJAFO, SESSIONCOUNT, IMGURMWBETA, IMGURMWBETAOPTIN
Access-Control-Expose-Headers: X-RateLimit-ClientLimit, X-RateLimit-ClientRemaining, X-RateLimit-UserLimit, X-RateLimit-UserRemaining, X-RateLimit-UserReset, Geo-City, Geo-Region, Geo-Metro-Code, Geo-Country-Code
X-RateLimit-ClientLimit: 12500
X-RateLimit-ClientRemaining: 12288
X-RateLimit-UserLimit: 2000
X-RateLimit-UserRemaining: 1960
X-RateLimit-UserReset: 1634206424
ETag: W/"115e5cdd04ba8fa979c9a2045e98b7c455c1683f"
Cache-Control: no-store, no-cache, must-revalidate, post-check=0, pre-check=0
X-origin-ip: 172.16.2.99
Content-Encoding: gzip
Set-Cookie: UPSERVERID=upload.i-0d10f4a5ba7ede83b.production; path=/
transfer-encoding: chunked

{
    "data": "favorited",
    "success": true,
    "status": 200
}
]]></system-out>
  </testcase>
  <testcase name="test8UFavoriteImage" classname="ImageTest" time="0.016">
    <error type="java.lang.IllegalArgumentException"><![CDATA[java.lang.IllegalArgumentException: Path parameters were not correctly defined. Redundant path parameters are: vvOYJIs.
	at ImageTest.test8UFavoriteImage(ImageTest.java:298)
]]></error>
  </testcase>
  <testcase name="test9UpdateImage" classname="ImageTest" time="0.01">
    <error type="groovy.lang.MissingPropertyException"><![CDATA[groovy.lang.MissingPropertyException: No such property: v2 for class: java.lang.String
	at ImageTest.test9UpdateImage(ImageTest.java:312)
]]></error>
  </testcase>
  <testcase name="test10GetImage" classname="ImageTest" time="0.045">
    <error type="java.lang.IllegalArgumentException"><![CDATA[java.lang.IllegalArgumentException: Path parameters were not correctly defined. Redundant path parameters are: vvOYJIs.
	at ImageTest.test10GetImage(ImageTest.java:332)
]]></error>
  </testcase>
</testsuite>